请选择要查询的券商信息
[1] 永安期货测试
[2] 大越期货测试
[3] 东证期货测试
[4] 国泰君安期货测试
[5] 海通期货测试
[6] 中粮期货测试
[7] 浙商期货测试
[8] 南华期货测试
[9] 五矿期货测试
[10] 大地期货测试
[11] 国投安信期货测试
请输入以上券商编号:您选择了[11]国投安信期货测试
--->>> OnFrontConnected
--->>> 发送用户登录请求: 成功
--->>> OnRspUserLogin
--->>> 获取当前交易日 = 20160519
--->>> 投资者结算结果确认: 成功
--->>> OnRspSettlementInfoConfirm
--->>> 请求查询资金账户: 成功
--->>> OnRspQryTradingAccount
--->>> 资金帐号信息：
账户号：191
金额：2e+08
平仓收益：0
当前占用保证金：0
结算编号：1
信息日期：20160519
--->>> 请求查询投资者持仓: 成功
--->>> OnRspQryInvestorPosition
--->>> 请求查询投资者结算结果: 成功
--->>> OnRspQrySettlementInfo
--->>> 请求查询交易编码: 成功
--->>> OnRspQryTradingCode
--->>> 交易编码信息：
交易编码：00165010
交易所：CFFEX
客户号：191
是否活跃：是
查询结束
是否查询保证金比例（Y/N）：
--->>> OnFrontDisconnected
--->>> Reason = 0
CThostFtdcUserApiImplBase::OnSessionDisconnected[0110EE2C][1466957825][    0]
